/*C3*/SET SCHEMA PUBLIC
DISCONNECT
/*C4*/SET SCHEMA FABRICA
INSERT INTO UNIDAD VALUES('ff8080816dadfe1d016dadfe39960000','JUNIT')
COMMIT
DELETE FROM UNIDAD WHERE ID='ff8080816dadfe1d016dadfe39960000'
INSERT INTO UNIDAD VALUES('ff8080816dadfe1d016dadfe39960000','JUNI2')
COMMIT
DELETE FROM UNIDAD WHERE ID='ff8080816dadfe1d016dadfe39960000'
COMMIT
/*C2*/SET SCHEMA PUBLIC
DISCONNECT
/*C5*/SET SCHEMA PUBLIC
DISCONNECT
/*C4*/INSERT INTO UNIDAD VALUES('ff8080816dadfe1d016dae004d610001','JUNIT')
COMMIT
DELETE FROM UNIDAD WHERE ID='ff8080816dadfe1d016dae004d610001'
INSERT INTO UNIDAD VALUES('ff8080816dadfe1d016dae004d610001','JUNI2')
COMMIT
DELETE FROM UNIDAD WHERE ID='ff8080816dadfe1d016dae004d610001'
COMMIT
/*C6*/SET SCHEMA PUBLIC
DISCONNECT
/*C7*/SET SCHEMA PUBLIC
DISCONNECT
